{"numTotalTestSuites":13,"numPassedTestSuites":13,"numFailedTestSuites":0,"numPendingTestSuites":0,"numTotalTests":20,"numPassedTests":20,"numFailedTests":0,"numPendingTests":0,"numTodoTests":0,"snapshot":{"added":0,"failure":false,"filesAdded":0,"filesRemoved":0,"filesRemovedList":[],"filesUnmatched":0,"filesUpdated":0,"matched":0,"total":0,"unchecked":0,"uncheckedKeysByFile":[],"unmatched":0,"updated":0,"didUpdate":false},"startTime":1782918696184,"success":true,"testResults":[{"assertionResults":[{"ancestorTitles":["useDebounce"],"fullName":"useDebounce should return initial value immediately","status":"passed","title":"should return initial value immediately","duration":41.790500000000065,"failureMessages":[],"meta":{}},{"ancestorTitles":["useDebounce"],"fullName":"useDebounce should not update value before delay","status":"passed","title":"should not update value before delay","duration":9.435500000000047,"failureMessages":[],"meta":{}},{"ancestorTitles":["useDebounce"],"fullName":"useDebounce should update value after delay","status":"passed","title":"should update value after delay","duration":8.272499999999582,"failureMessages":[],"meta":{}},{"ancestorTitles":["useDebounce"],"fullName":"useDebounce should reset timer when value changes within delay","status":"passed","title":"should reset timer when value changes within delay","duration":6.280799999999999,"failureMessages":[],"meta":{}},{"ancestorTitles":["useDebounce"],"fullName":"useDebounce should cleanup timer on unmount","status":"passed","title":"should cleanup timer on unmount","duration":6.606099999999969,"failureMessages":[],"meta":{}},{"ancestorTitles":["useDebounce"],"fullName":"useDebounce should handle delay changes","status":"passed","title":"should handle delay changes","duration":4.022500000000036,"failureMessages":[],"meta":{}}],"startTime":1782918700240,"endTime":1782918700317.0225,"status":"passed","message":"","name":"E:/ide_project/proxysql-admin-webui/frontend/src/hooks/__tests__/useDebounce.test.ts"},{"assertionResults":[{"ancestorTitles":["authStore","login"],"fullName":"authStore login should set user and token on successful login","status":"passed","title":"should set user and token on successful login","duration":32.7470000000003,"failureMessages":[],"meta":{}},{"ancestorTitles":["authStore","login"],"fullName":"authStore login should throw error on failed login","status":"passed","title":"should throw error on failed login","duration":9.196700000000419,"failureMessages":[],"meta":{}},{"ancestorTitles":["authStore","logout"],"fullName":"authStore logout should clear auth state on logout","status":"passed","title":"should clear auth state on logout","duration":1.5235999999999876,"failureMessages":[],"meta":{}},{"ancestorTitles":["authStore","logout"],"fullName":"authStore logout should clear state even if logout API call fails","status":"passed","title":"should clear state even if logout API call fails","duration":1.5921000000003005,"failureMessages":[],"meta":{}},{"ancestorTitles":["authStore","checkAuth"],"fullName":"authStore checkAuth should set user on successful auth check","status":"passed","title":"should set user on successful auth check","duration":1.9211999999997715,"failureMessages":[],"meta":{}},{"ancestorTitles":["authStore","checkAuth"],"fullName":"authStore checkAuth should clear auth state on failed check","status":"passed","title":"should clear auth state on failed check","duration":1.9526999999998225,"failureMessages":[],"meta":{}},{"ancestorTitles":["authStore","setToken"],"fullName":"authStore setToken should update token and authentication state","status":"passed","title":"should update token and authentication state","duration":2.4762000000000626,"failureMessages":[],"meta":{}}],"startTime":1782918700025,"endTime":1782918700078.4763,"status":"passed","message":"","name":"E:/ide_project/proxysql-admin-webui/frontend/src/stores/__tests__/authStore.test.ts"},{"assertionResults":[{"ancestorTitles":["themeStore","initial state"],"fullName":"themeStore initial state should default to light theme","status":"passed","title":"should default to light theme","duration":12.498800000000301,"failureMessages":[],"meta":{}},{"ancestorTitles":["themeStore","toggleTheme"],"fullName":"themeStore toggleTheme should toggle from light to dark","status":"passed","title":"should toggle from light to dark","duration":4.679900000000089,"failureMessages":[],"meta":{}},{"ancestorTitles":["themeStore","toggleTheme"],"fullName":"themeStore toggleTheme should toggle from dark to light","status":"passed","title":"should toggle from dark to light","duration":1.829399999999623,"failureMessages":[],"meta":{}},{"ancestorTitles":["themeStore","toggleTheme"],"fullName":"themeStore toggleTheme should add dark class to document when toggling to dark","status":"passed","title":"should add dark class to document when toggling to dark","duration":1.690799999999399,"failureMessages":[],"meta":{}},{"ancestorTitles":["themeStore","toggleTheme"],"fullName":"themeStore toggleTheme should remove dark class from document when toggling to light","status":"passed","title":"should remove dark class from document when toggling to light","duration":1.6019999999998618,"failureMessages":[],"meta":{}},{"ancestorTitles":["themeStore","toggleTheme"],"fullName":"themeStore toggleTheme should update theme state and be persistable","status":"passed","title":"should update theme state and be persistable","duration":1.0337999999992462,"failureMessages":[],"meta":{}},{"ancestorTitles":["themeStore","persistence"],"fullName":"themeStore persistence should read previously stored theme","status":"passed","title":"should read previously stored theme","duration":1.3670000000001892,"failureMessages":[],"meta":{}}],"startTime":1782918700670,"endTime":1782918700695.367,"status":"passed","message":"","name":"E:/ide_project/proxysql-admin-webui/frontend/src/stores/__tests__/themeStore.test.ts"}]}